2023-03-08 15:17:29,828 - INFO (extract_data): Loading households
2023-03-08 15:17:31,663 - INFO (extract_data): Loading individualTrips
2023-03-08 15:18:36,578 - INFO (extract_data): Loading jointTrips
2023-03-08 15:18:42,598 - INFO (extract_data): Loading transit_onoff
2023-03-08 15:18:42,888 - INFO (extract_data): Loading internalExternalTrips
2023-03-08 15:18:43,564 - INFO (extract_data): Loading airportCBXTrips
2023-03-08 15:18:43,609 - INFO (extract_data): Loading airportSANTrips
2023-03-08 15:18:43,783 - INFO (extract_data): Loading commercialVehicleTrips
2023-03-08 15:18:47,785 - INFO (extract_data): Loading crossBorderTrips
2023-03-08 15:18:49,779 - INFO (extract_data): Loading externalInternalTrips
2023-03-08 15:18:53,175 - INFO (extract_data): Loading externalExternalTrips
2023-03-08 15:18:53,188 - INFO (extract_data): Loading truckTrips
2023-03-08 15:18:53,784 - INFO (extract_data): Loading visitorTrips
2023-03-08 15:18:54,531 - INFO (extract_data): Loading hwyload_AM
2023-03-08 15:18:54,833 - INFO (extract_data): Loading hwyload_EA
2023-03-08 15:18:55,094 - INFO (extract_data): Loading hwyload_EV
2023-03-08 15:18:55,378 - INFO (extract_data): Loading hwyload_MD
2023-03-08 15:18:55,658 - INFO (extract_data): Loading hwyload_PM
2023-03-08 15:18:55,933 - INFO (extract_data): Loading hwyTcad
2023-03-08 15:18:57,663 - INFO (extract_data): Loading mgra_crosswalk
2023-03-08 15:18:57,687 - INFO (extract_data): Loading households_org
2023-03-08 15:18:58,715 - INFO (process): Renaming airportCBXTrips columns using {'tripPurpose': 'tripPurposeDestination'}
2023-03-08 15:18:58,719 - INFO (process): Renaming airportSANTrips columns using {'tripPurpose': 'tripPurposeDestination'}
2023-03-08 15:18:58,732 - INFO (process): Adding column 'tripPurposeDestination' to internalExternalTrips
2023-03-08 15:18:58,751 - INFO (process): Adding column 'tripPurposeDestination' to externalExternalTrips
2023-03-08 15:18:58,754 - INFO (process): Renaming externalInternalTrips columns using {'tripPurpose': 'tripPurposeDestination'}
2023-03-08 15:18:58,852 - INFO (process): Adding column 'tripPurposeDestination' to truckTrips
2023-03-08 15:18:58,859 - INFO (process): Renaming visitorTrips columns using {'tripPurpose': 'tripPurposeDestination'}
2023-03-08 15:18:58,891 - INFO (concat): Concatenating tables ['individualTrips', 'jointTrips', 'internalExternalTrips', 'airportCBXTrips', 'airportSANTrips', 'commercialVehicleTrips', 'crossBorderTrips', 'externalInternalTrips', 'externalExternalTrips', 'truckTrips', 'visitorTrips'] into trips
2023-03-08 15:19:08,601 - INFO (concat): Concatenating tables ['hwyload_AM.csv', 'hwyload_EA.csv', 'hwyload_EV.csv', 'hwyload_MD.csv', 'hwyload_PM.csv'] into highway_load
2023-03-08 15:19:08,645 - INFO (merge): Merging tables households_org, mgra_crosswalk into households_org
2023-03-08 15:19:08,861 - INFO (merge): Merging tables households, mgra_crosswalk into households
2023-03-08 15:19:09,334 - INFO (process): Replacing MODE values in transit_onoff using {'PREM': 'Premium Transit', 'BUS': 'Local Bus', 'ALLPEN': 'Local Bus and Premium Transit'}
2023-03-08 15:19:09,371 - INFO (process): Replacing ACCESSMODE values in transit_onoff using {'KNR': 'Kiss and Ride to Transit', 'PNR': 'Park and Ride to Transit', 'WLK': 'Walk to Transit'}
2023-03-08 15:19:09,432 - INFO (process): Renaming trips columns using {'table': 'model'}
2023-03-08 15:19:22,126 - INFO (process): Raw evaluating trips['model'] = trips['model'].str.replace('Trips', '')
2023-03-08 15:19:34,188 - INFO (process): Replacing tripMode values in trips using {'Light Heavy Duty Truck': 'Truck', 'Medium Heavy Duty Truck': 'Truck', 'Heavy Heavy Duty Truck': 'Truck'}
2023-03-08 15:19:36,144 - INFO (process): Raw evaluating trips['tripMode'] = np.select([(trips['tripMode'].str.contains('to Transit'))], ['Transit'], default=trips['tripMode'])
2023-03-08 15:19:43,684 - INFO (process): Replacing table values in highway_load using {"hwyload_EA": "EA","hwyload_AM": "AM","hwyload_MD": "MD","hwyload_PM": "PM","hwyload_EV": "EV"}
2023-03-08 15:19:43,733 - INFO (process): Raw evaluating highway_network = pd.wide_to_long(df=hwyTcad,stubnames=["ABTM","BATM","ABTX","BATX","ABPRELOAD","BAPRELOAD"],i=["ID","Length","IFC"],j="timePeriod",sep="_",suffix="\w+").reset_index()
2023-03-08 15:20:05,168 - INFO (process): Raw evaluating highway_network = highway_network.fillna(0)
2023-03-08 15:20:06,122 - INFO (process): Replacing IFC values in highway_network using {1:"Freeway",2:"Prime Arterial",3:"Major Arterial",4:"Collector",5:"Local Collector",6:"Rural Coolector",7:"Local Road",8:"Freeway Connector Ramp",9:"Local Ramp",10:"Zone Connector"}
2023-03-08 15:20:06,136 - INFO (process): Adding column 'AB_Flow_Auto' to highway_load
2023-03-08 15:20:06,183 - INFO (process): Adding column 'BA_Flow_Auto' to highway_load
2023-03-08 15:20:06,215 - INFO (process): Adding column 'AB_Flow_Truck' to highway_load
2023-03-08 15:20:06,223 - INFO (process): Adding column 'BA_Flow_Truck' to highway_load
2023-03-08 15:20:06,231 - INFO (process): Adding column 'AB_Flow' to highway_load
2023-03-08 15:20:06,238 - INFO (process): Adding column 'BA_flow' to highway_load
2023-03-08 15:20:06,246 - INFO (process): Raw evaluating highway_load = highway_load.fillna(0)
2023-03-08 15:20:06,429 - INFO (process): Replacing departTimeFiveTod values in trips using {1: 'EA', 2: 'AM', 3: 'MD', 4: 'PM', 5: 'EV'}
2023-03-08 15:20:11,011 - INFO (merge): Merging tables highway_network, highway_load into network
2023-03-08 15:20:30,932 - INFO (process): Adding column 'vmt_auto' to network
2023-03-08 15:20:30,979 - INFO (process): Adding column 'vmt_truck' to network
2023-03-08 15:20:30,993 - INFO (process): Adding column 'vmt_bus' to network
2023-03-08 15:20:31,023 - INFO (process): Adding column 'vmt_total' to network
2023-03-08 15:20:31,038 - INFO (process): Adding column 'flow_total' to network
2023-03-08 15:20:31,052 - INFO (process): Adding column 'voc' to network
2023-03-08 15:20:31,067 - INFO (eval_expressions): Evaluating trips.groupby(['tripMode'], dropna=False)['weightTrip'].sum()
2023-03-08 15:20:32,204 - INFO (eval_expressions): Evaluating trips.query("originMGRA == destinationMGRA", engine="python").groupby(['tripMode'], dropna=False)['distanceDrive'].sum()
2023-03-08 15:20:36,339 - INFO (eval_expressions): Evaluating transit_onoff.query("TOD=='EA'", engine="python").groupby(['MODE'], dropna=False)['BOARDINGS'].sum()
2023-03-08 15:20:36,363 - INFO (eval_expressions): Evaluating transit_onoff.query("TOD=='AM'", engine="python").groupby(['MODE'], dropna=False)['BOARDINGS'].sum()
2023-03-08 15:20:36,403 - INFO (eval_expressions): Evaluating transit_onoff.query("TOD=='MD'", engine="python").groupby(['MODE'], dropna=False)['BOARDINGS'].sum()
2023-03-08 15:20:36,445 - INFO (eval_expressions): Evaluating transit_onoff.query("TOD=='PM'", engine="python").groupby(['MODE'], dropna=False)['BOARDINGS'].sum()
2023-03-08 15:20:36,466 - INFO (eval_expressions): Evaluating transit_onoff.query("TOD=='EV'", engine="python").groupby(['MODE'], dropna=False)['BOARDINGS'].sum()
2023-03-08 15:20:36,505 - INFO (eval_expressions): Evaluating trips.query("departTimeFiveTod == 'EA'", engine="python").groupby(['tripPurposeDestination'], dropna=False)['weightTrip'].sum()
2023-03-08 15:20:37,820 - INFO (eval_expressions): Evaluating trips.query("departTimeFiveTod == 'AM'", engine="python").groupby(['tripPurposeDestination'], dropna=False)['weightTrip'].sum()
2023-03-08 15:20:40,659 - INFO (eval_expressions): Evaluating trips.query("departTimeFiveTod == 'MD'", engine="python").groupby(['tripPurposeDestination'], dropna=False)['weightTrip'].sum()
2023-03-08 15:20:44,713 - INFO (eval_expressions): Evaluating trips.query("departTimeFiveTod == 'PM'", engine="python").groupby(['tripPurposeDestination'], dropna=False)['weightTrip'].sum()
2023-03-08 15:20:47,867 - INFO (eval_expressions): Evaluating trips.query("departTimeFiveTod == 'EV'", engine="python").groupby(['tripPurposeDestination'], dropna=False)['weightTrip'].sum()
2023-03-08 15:20:50,425 - INFO (eval_expressions): Evaluating trips.groupby(['originMGRA', 'destinationMGRA'], dropna=False)['weightTrip'].sum()
2023-03-08 15:20:52,942 - INFO (eval_expressions): Evaluating households.query("autos == 0", engine="python").groupby(['cluster_id'], dropna=False)['hhId'].count()
2023-03-08 15:20:53,137 - INFO (eval_expressions): Evaluating households.groupby(['cluster_id'], dropna=False)['hhId'].count()
2023-03-08 15:20:53,181 - INFO (eval_expressions): Evaluating households_org.groupby(['cluster_id'], dropna=False)['hhid'].count()
2023-03-08 15:20:53,242 - INFO (eval_expressions): Evaluating network.query("ifc_desc == 'Freeway'", engine="python").groupby(['ID'], dropna=False)['vmt_total'].sum()
2023-03-08 15:20:53,849 - INFO (eval_expressions): Evaluating network.query("ifc_desc == 'Freeway'", engine="python").groupby(['ID'], dropna=False)['flow_total'].sum()
2023-03-08 15:20:53,900 - INFO (eval_expressions): Evaluating network.query("ifc_desc == 'Freeway'", engine="python").groupby(['ID'], dropna=False)['voc'].sum()
2023-03-08 15:20:53,940 - INFO (eval_expressions): Evaluating network.groupby(['ifc_desc'], dropna=False)['vmt_total'].sum()
2023-03-08 15:20:53,958 - INFO (eval_expressions): Evaluating network.groupby(['ifc_desc'], dropna=False)['vmt_auto'].sum()
2023-03-08 15:20:53,997 - INFO (eval_expressions): Evaluating network.groupby(['ifc_desc'], dropna=False)['vmt_truck'].sum()
2023-03-08 15:20:54,037 - INFO (coalesce_expressions): Coalescing summary table trip_mode_summary
2023-03-08 15:20:54,038 - INFO (coalesce_expressions): Coalescing summary table intrazonal_distance_by_mode_summary
2023-03-08 15:20:54,040 - INFO (coalesce_expressions): Coalescing summary table transit_summary
2023-03-08 15:20:54,042 - INFO (coalesce_expressions): Coalescing summary table trip_tod_purpose_summary
2023-03-08 15:20:54,046 - INFO (coalesce_expressions): Coalescing summary table trip_od_summary
2023-03-08 15:20:54,173 - INFO (coalesce_expressions): Coalescing summary table zero_car_households_summary
2023-03-08 15:20:54,177 - INFO (coalesce_expressions): Coalescing summary table households_sample_mgra_summary
2023-03-08 15:20:54,180 - INFO (coalesce_expressions): Coalescing summary table households_mgra_summary
2023-03-08 15:20:54,183 - INFO (coalesce_expressions): Coalescing summary table network_summary
2023-03-08 15:20:54,186 - INFO (coalesce_expressions): Coalescing summary table vmt_summary
2023-03-08 15:20:54,191 - INFO (process): Raw evaluating transit_summary['PCT_EA'] = transit_summary['EA']/transit_summary['EA'].sum()
2023-03-08 15:20:54,194 - INFO (process): Raw evaluating transit_summary['PCT_AM'] = transit_summary['AM']/transit_summary['AM'].sum()
2023-03-08 15:20:54,196 - INFO (process): Raw evaluating transit_summary['PCT_MD'] = transit_summary['MD']/transit_summary['MD'].sum()
2023-03-08 15:20:54,199 - INFO (process): Raw evaluating transit_summary['PCT_PM'] = transit_summary['PM']/transit_summary['PM'].sum()
2023-03-08 15:20:54,200 - INFO (process): Raw evaluating transit_summary['PCT_EV'] = transit_summary['EV']/transit_summary['EV'].sum()
2023-03-08 15:20:54,202 - INFO (process): Raw evaluating trip_mode_summary['share'] = trip_mode_summary['num_trips']/trip_mode_summary['num_trips'].sum()
2023-03-08 15:20:54,204 - INFO (process): Raw evaluating trip_tod_purpose_summary['PCT_EA'] = trip_tod_purpose_summary['EA']/trip_tod_purpose_summary['EA'].sum()
2023-03-08 15:20:54,206 - INFO (process): Raw evaluating trip_tod_purpose_summary['PCT_AM'] = trip_tod_purpose_summary['AM']/trip_tod_purpose_summary['AM'].sum()
2023-03-08 15:20:54,208 - INFO (process): Raw evaluating trip_tod_purpose_summary['PCT_MD'] = trip_tod_purpose_summary['MD']/trip_tod_purpose_summary['MD'].sum()
2023-03-08 15:20:54,209 - INFO (process): Raw evaluating trip_tod_purpose_summary['PCT_PM'] = trip_tod_purpose_summary['PM']/trip_tod_purpose_summary['PM'].sum()
2023-03-08 15:20:54,213 - INFO (process): Raw evaluating trip_tod_purpose_summary['PCT_EV'] = trip_tod_purpose_summary['EV']/trip_tod_purpose_summary['EV'].sum()
2023-03-08 15:20:54,214 - INFO (process): Raw evaluating households_mgra_summary = pd.merge(households_mgra_summary, households_sample_mgra_summary,left_on='cluster_id', right_on='cluster_id')
2023-03-08 15:20:54,216 - INFO (process): Raw evaluating households_sample_mgra_summary['sample_rate'] = households_mgra_summary['sampled_households'] / households_mgra_summary['original_households']
2023-03-08 15:20:54,217 - INFO (process): Renaming vmt_summary columns using {'ifc_desc': 'class'}
2023-03-08 15:20:54,218 - INFO (process): Renaming zero_car_households_summary columns using {'cluster_id': 'mgra'}
2023-03-08 15:20:54,218 - INFO (process): Renaming households_sample_mgra_summary columns using {'cluster_id': 'mgra'}
2023-03-08 15:20:54,219 - INFO (write_results): Writing trip_mode_summary.csv
2023-03-08 15:20:54,222 - INFO (write_results): Writing intrazonal_distance_by_mode_summary.csv
2023-03-08 15:20:54,224 - INFO (write_results): Writing transit_summary.csv
2023-03-08 15:20:54,225 - INFO (write_results): Writing trip_tod_purpose_summary.csv
2023-03-08 15:20:54,228 - INFO (write_results): Writing trip_od_summary.csv
2023-03-08 15:20:57,595 - INFO (write_results): Writing zero_car_households_summary.csv
2023-03-08 15:20:57,599 - INFO (write_results): Writing households_sample_mgra_summary.csv
2023-03-08 15:20:57,610 - INFO (write_results): Writing households_mgra_summary.csv
2023-03-08 15:20:57,620 - INFO (write_results): Writing network_summary.csv
2023-03-08 15:20:57,643 - INFO (write_results): Writing vmt_summary.csv
