2023-03-08 15:21:07,127 - INFO (extract_data): Loading households
2023-03-08 15:21:09,002 - INFO (extract_data): Loading individualTrips
2023-03-08 15:22:13,685 - INFO (extract_data): Loading jointTrips
2023-03-08 15:22:19,953 - INFO (extract_data): Loading transit_onoff
2023-03-08 15:22:20,244 - INFO (extract_data): Loading internalExternalTrips
2023-03-08 15:22:20,879 - INFO (extract_data): Loading airportCBXTrips
2023-03-08 15:22:20,918 - INFO (extract_data): Loading airportSANTrips
2023-03-08 15:22:21,075 - INFO (extract_data): Loading commercialVehicleTrips
2023-03-08 15:22:25,437 - INFO (extract_data): Loading crossBorderTrips
2023-03-08 15:22:27,439 - INFO (extract_data): Loading externalInternalTrips
2023-03-08 15:22:36,107 - INFO (extract_data): Loading externalExternalTrips
2023-03-08 15:22:36,132 - INFO (extract_data): Loading truckTrips
2023-03-08 15:22:37,574 - INFO (extract_data): Loading visitorTrips
2023-03-08 15:22:38,295 - INFO (extract_data): Loading hwyload_AM
2023-03-08 15:22:38,589 - INFO (extract_data): Loading hwyload_EA
2023-03-08 15:22:38,837 - INFO (extract_data): Loading hwyload_EV
2023-03-08 15:22:39,106 - INFO (extract_data): Loading hwyload_MD
2023-03-08 15:22:39,399 - INFO (extract_data): Loading hwyload_PM
2023-03-08 15:22:39,701 - INFO (extract_data): Loading hwyTcad
2023-03-08 15:22:41,144 - INFO (extract_data): Loading households_org
2023-03-08 15:22:42,212 - INFO (process): Renaming airportCBXTrips columns using {'tripPurpose': 'tripPurposeDestination'}
2023-03-08 15:22:42,217 - INFO (process): Renaming airportSANTrips columns using {'tripPurpose': 'tripPurposeDestination'}
2023-03-08 15:22:42,230 - INFO (process): Adding column 'tripPurposeDestination' to internalExternalTrips
2023-03-08 15:22:42,256 - INFO (process): Adding column 'tripPurposeDestination' to externalExternalTrips
2023-03-08 15:22:42,260 - INFO (process): Renaming externalInternalTrips columns using {'tripPurpose': 'tripPurposeDestination'}
2023-03-08 15:22:42,502 - INFO (process): Adding column 'tripPurposeDestination' to truckTrips
2023-03-08 15:22:42,528 - INFO (process): Renaming visitorTrips columns using {'tripPurpose': 'tripPurposeDestination'}
2023-03-08 15:22:42,568 - INFO (concat): Concatenating tables ['individualTrips', 'jointTrips', 'internalExternalTrips', 'airportCBXTrips', 'airportSANTrips', 'commercialVehicleTrips', 'crossBorderTrips', 'externalInternalTrips', 'externalExternalTrips', 'truckTrips', 'visitorTrips'] into trips
2023-03-08 15:22:55,818 - INFO (concat): Concatenating tables ['hwyload_AM.csv', 'hwyload_EA.csv', 'hwyload_EV.csv', 'hwyload_MD.csv', 'hwyload_PM.csv'] into highway_load
2023-03-08 15:22:55,854 - INFO (process): Replacing MODE values in transit_onoff using {'PREM': 'Premium Transit', 'BUS': 'Local Bus', 'ALLPEN': 'Local Bus and Premium Transit'}
2023-03-08 15:22:55,890 - INFO (process): Replacing ACCESSMODE values in transit_onoff using {'KNR': 'Kiss and Ride to Transit', 'PNR': 'Park and Ride to Transit', 'WLK': 'Walk to Transit'}
2023-03-08 15:22:55,950 - INFO (process): Renaming trips columns using {'table': 'model'}
2023-03-08 15:23:10,881 - INFO (process): Raw evaluating trips['model'] = trips['model'].str.replace('Trips', '')
2023-03-08 15:23:25,166 - INFO (process): Replacing tripMode values in trips using {'Light Heavy Duty Truck': 'Truck', 'Medium Heavy Duty Truck': 'Truck', 'Heavy Heavy Duty Truck': 'Truck'}
2023-03-08 15:23:27,613 - INFO (process): Raw evaluating trips['tripMode'] = np.select([(trips['tripMode'].str.contains('to Transit'))], ['Transit'], default=trips['tripMode'])
2023-03-08 15:23:36,343 - INFO (process): Replacing table values in highway_load using {"hwyload_EA": "EA","hwyload_AM": "AM","hwyload_MD": "MD","hwyload_PM": "PM","hwyload_EV": "EV"}
2023-03-08 15:23:36,383 - INFO (process): Raw evaluating highway_network = pd.wide_to_long(df=hwyTcad,stubnames=["ABTM","BATM","ABTX","BATX","ABPRELOAD","BAPRELOAD"],i=["ID","Length","IFC"],j="timePeriod",sep="_",suffix="\w+").reset_index()
2023-03-08 15:23:52,727 - INFO (process): Raw evaluating highway_network = highway_network.fillna(0)
2023-03-08 15:23:53,437 - INFO (process): Replacing IFC values in highway_network using {1:"Freeway",2:"Prime Arterial",3:"Major Arterial",4:"Collector",5:"Local Collector",6:"Rural Coolector",7:"Local Road",8:"Freeway Connector Ramp",9:"Local Ramp",10:"Zone Connector"}
2023-03-08 15:23:53,463 - INFO (process): Adding column 'AB_Flow_Auto' to highway_load
2023-03-08 15:23:53,500 - INFO (process): Adding column 'BA_Flow_Auto' to highway_load
2023-03-08 15:23:53,520 - INFO (process): Adding column 'AB_Flow_Truck' to highway_load
2023-03-08 15:23:53,528 - INFO (process): Adding column 'BA_Flow_Truck' to highway_load
2023-03-08 15:23:53,536 - INFO (process): Adding column 'AB_Flow' to highway_load
2023-03-08 15:23:53,543 - INFO (process): Adding column 'BA_flow' to highway_load
2023-03-08 15:23:53,551 - INFO (process): Raw evaluating highway_load = highway_load.fillna(0)
2023-03-08 15:23:53,715 - INFO (process): Replacing departTimeFiveTod values in trips using {1: 'EA', 2: 'AM', 3: 'MD', 4: 'PM', 5: 'EV'}
2023-03-08 15:23:59,060 - INFO (merge): Merging tables highway_network, highway_load into network
2023-03-08 15:24:15,526 - INFO (process): Adding column 'vmt_auto' to network
2023-03-08 15:24:15,568 - INFO (process): Adding column 'vmt_truck' to network
2023-03-08 15:24:15,581 - INFO (process): Adding column 'vmt_bus' to network
2023-03-08 15:24:15,610 - INFO (process): Adding column 'vmt_total' to network
2023-03-08 15:24:15,623 - INFO (process): Adding column 'flow_total' to network
2023-03-08 15:24:15,636 - INFO (process): Adding column 'voc' to network
2023-03-08 15:24:15,650 - INFO (eval_expressions): Evaluating trips.groupby(['tripMode'], dropna=False)['weightTrip'].sum()
2023-03-08 15:24:17,030 - INFO (eval_expressions): Evaluating trips.query("originMGRA == destinationMGRA", engine="python").groupby(['tripMode'], dropna=False)['distanceDrive'].sum()
2023-03-08 15:24:20,559 - INFO (eval_expressions): Evaluating transit_onoff.query("TOD=='EA'", engine="python").groupby(['MODE'], dropna=False)['BOARDINGS'].sum()
2023-03-08 15:24:20,580 - INFO (eval_expressions): Evaluating transit_onoff.query("TOD=='AM'", engine="python").groupby(['MODE'], dropna=False)['BOARDINGS'].sum()
2023-03-08 15:24:20,630 - INFO (eval_expressions): Evaluating transit_onoff.query("TOD=='MD'", engine="python").groupby(['MODE'], dropna=False)['BOARDINGS'].sum()
2023-03-08 15:24:20,668 - INFO (eval_expressions): Evaluating transit_onoff.query("TOD=='PM'", engine="python").groupby(['MODE'], dropna=False)['BOARDINGS'].sum()
2023-03-08 15:24:20,688 - INFO (eval_expressions): Evaluating transit_onoff.query("TOD=='EV'", engine="python").groupby(['MODE'], dropna=False)['BOARDINGS'].sum()
2023-03-08 15:24:20,726 - INFO (eval_expressions): Evaluating trips.query("departTimeFiveTod == 'EA'", engine="python").groupby(['tripPurposeDestination'], dropna=False)['weightTrip'].sum()
2023-03-08 15:24:22,329 - INFO (eval_expressions): Evaluating trips.query("departTimeFiveTod == 'AM'", engine="python").groupby(['tripPurposeDestination'], dropna=False)['weightTrip'].sum()
2023-03-08 15:24:25,451 - INFO (eval_expressions): Evaluating trips.query("departTimeFiveTod == 'MD'", engine="python").groupby(['tripPurposeDestination'], dropna=False)['weightTrip'].sum()
2023-03-08 15:24:29,778 - INFO (eval_expressions): Evaluating trips.query("departTimeFiveTod == 'PM'", engine="python").groupby(['tripPurposeDestination'], dropna=False)['weightTrip'].sum()
2023-03-08 15:24:33,179 - INFO (eval_expressions): Evaluating trips.query("departTimeFiveTod == 'EV'", engine="python").groupby(['tripPurposeDestination'], dropna=False)['weightTrip'].sum()
2023-03-08 15:24:35,802 - INFO (eval_expressions): Evaluating trips.groupby(['originMGRA', 'destinationMGRA'], dropna=False)['weightTrip'].sum()
2023-03-08 15:24:42,356 - INFO (eval_expressions): Evaluating households.query("autos == 0", engine="python").groupby(['homeMGRA'], dropna=False)['hhId'].count()
2023-03-08 15:24:42,417 - INFO (eval_expressions): Evaluating network.query("ifc_desc == 'Freeway'", engine="python").groupby(['ID'], dropna=False)['vmt_total'].sum()
2023-03-08 15:24:42,986 - INFO (eval_expressions): Evaluating network.query("ifc_desc == 'Freeway'", engine="python").groupby(['ID'], dropna=False)['flow_total'].sum()
2023-03-08 15:24:43,060 - INFO (eval_expressions): Evaluating network.query("ifc_desc == 'Freeway'", engine="python").groupby(['ID'], dropna=False)['voc'].sum()
2023-03-08 15:24:43,101 - INFO (eval_expressions): Evaluating network.groupby(['ifc_desc'], dropna=False)['vmt_total'].sum()
2023-03-08 15:24:43,115 - INFO (eval_expressions): Evaluating network.groupby(['ifc_desc'], dropna=False)['vmt_auto'].sum()
2023-03-08 15:24:43,151 - INFO (eval_expressions): Evaluating network.groupby(['ifc_desc'], dropna=False)['vmt_truck'].sum()
2023-03-08 15:24:43,166 - INFO (coalesce_expressions): Coalescing summary table trip_mode_summary
2023-03-08 15:24:43,168 - INFO (coalesce_expressions): Coalescing summary table intrazonal_distance_by_mode_summary
2023-03-08 15:24:43,169 - INFO (coalesce_expressions): Coalescing summary table transit_summary
2023-03-08 15:24:43,170 - INFO (coalesce_expressions): Coalescing summary table trip_tod_purpose_summary
2023-03-08 15:24:43,172 - INFO (coalesce_expressions): Coalescing summary table trip_od_summary
2023-03-08 15:24:43,803 - INFO (coalesce_expressions): Coalescing summary table zero_car_households_summary
2023-03-08 15:24:43,805 - INFO (coalesce_expressions): Coalescing summary table network_summary
2023-03-08 15:24:43,809 - INFO (coalesce_expressions): Coalescing summary table vmt_summary
2023-03-08 15:24:43,813 - INFO (process): Raw evaluating transit_summary['PCT_EA'] = transit_summary['EA']/transit_summary['EA'].sum()
2023-03-08 15:24:43,816 - INFO (process): Raw evaluating transit_summary['PCT_AM'] = transit_summary['AM']/transit_summary['AM'].sum()
2023-03-08 15:24:43,818 - INFO (process): Raw evaluating transit_summary['PCT_MD'] = transit_summary['MD']/transit_summary['MD'].sum()
2023-03-08 15:24:43,820 - INFO (process): Raw evaluating transit_summary['PCT_PM'] = transit_summary['PM']/transit_summary['PM'].sum()
2023-03-08 15:24:43,823 - INFO (process): Raw evaluating transit_summary['PCT_EV'] = transit_summary['EV']/transit_summary['EV'].sum()
2023-03-08 15:24:43,825 - INFO (process): Raw evaluating trip_mode_summary['share'] = trip_mode_summary['num_trips']/trip_mode_summary['num_trips'].sum()
2023-03-08 15:24:43,827 - INFO (process): Raw evaluating trip_tod_purpose_summary['PCT_EA'] = trip_tod_purpose_summary['EA']/trip_tod_purpose_summary['EA'].sum()
2023-03-08 15:24:43,830 - INFO (process): Raw evaluating trip_tod_purpose_summary['PCT_AM'] = trip_tod_purpose_summary['AM']/trip_tod_purpose_summary['AM'].sum()
2023-03-08 15:24:43,832 - INFO (process): Raw evaluating trip_tod_purpose_summary['PCT_MD'] = trip_tod_purpose_summary['MD']/trip_tod_purpose_summary['MD'].sum()
2023-03-08 15:24:43,834 - INFO (process): Raw evaluating trip_tod_purpose_summary['PCT_PM'] = trip_tod_purpose_summary['PM']/trip_tod_purpose_summary['PM'].sum()
2023-03-08 15:24:43,836 - INFO (process): Raw evaluating trip_tod_purpose_summary['PCT_EV'] = trip_tod_purpose_summary['EV']/trip_tod_purpose_summary['EV'].sum()
2023-03-08 15:24:43,838 - INFO (process): Renaming vmt_summary columns using {'ifc_desc': 'class'}
2023-03-08 15:24:43,841 - INFO (process): Renaming zero_car_households_summary columns using {'cluster_id': 'mgra'}
2023-03-08 15:24:43,842 - INFO (process): Renaming trip_od_summary columns using {'originSRA': 'origin'}
2023-03-08 15:24:44,080 - INFO (process): Renaming trip_od_summary columns using {'destinationSRA': 'destination'}
2023-03-08 15:24:44,162 - INFO (write_results): Writing trip_mode_summary.csv
2023-03-08 15:24:44,170 - INFO (write_results): Writing intrazonal_distance_by_mode_summary.csv
2023-03-08 15:24:44,174 - INFO (write_results): Writing transit_summary.csv
2023-03-08 15:24:44,178 - INFO (write_results): Writing trip_tod_purpose_summary.csv
2023-03-08 15:24:44,183 - INFO (write_results): Writing trip_od_summary.csv
2023-03-08 15:25:03,091 - INFO (write_results): Writing zero_car_households_summary.csv
2023-03-08 15:25:03,122 - INFO (write_results): Writing network_summary.csv
2023-03-08 15:25:03,140 - INFO (write_results): Writing vmt_summary.csv
